2024-07-17 23:01:07.862  INFO [demo-1,,,] 11336 --- [  restartedMain] com.example.app.demoservice1             : Starting demoservice1 using Java 17 on DESKTOP-DQ3CT1D with PID 11336 (E:\PWC\jenkin_test\cloudservice1\target\classes started by Dell in E:\PWC\jenkin_test\cloudservice1)
2024-07-17 23:01:07.866  INFO [demo-1,,,] 11336 --- [  restartedMain] com.example.app.demoservice1             : No active profile set, falling back to 1 default profile: "default"
2024-07-17 23:01:08.079  INFO [demo-1,,,] 11336 --- [  restartedMain] .e.DevToolsPropertyDefaultsPostProcessor : Devtools property defaults active! Set 'spring.devtools.add-properties' to 'false' to disable
2024-07-17 23:01:08.079  INFO [demo-1,,,] 11336 --- [  restartedMain] .e.DevToolsPropertyDefaultsPostProcessor : For additional web related logging consider setting the 'logging.level.web' property to 'DEBUG'
2024-07-17 23:01:10.804  INFO [demo-1,,,] 11336 --- [  restartedMain] o.s.cloud.context.scope.GenericScope     : BeanFactory id=0c8be3b9-538f-3c34-ba50-849ec54a717f
2024-07-17 23:01:12.672  INFO [demo-1,,,] 11336 --- [  restartedMain] o.s.b.w.embedded.tomcat.TomcatWebServer  : Tomcat initialized with port(s): 8080 (http)
2024-07-17 23:01:12.723  INFO [demo-1,,,] 11336 --- [  restartedMain] o.a.coyote.http11.Http11NioProtocol      : Initializing ProtocolHandler ["http-nio-8080"]
2024-07-17 23:01:12.723  INFO [demo-1,,,] 11336 --- [  restartedMain] o.apache.catalina.core.StandardService   : Starting service [Tomcat]
2024-07-17 23:01:12.723  INFO [demo-1,,,] 11336 --- [  restartedMain] org.apache.catalina.core.StandardEngine  : Starting Servlet engine: [Apache Tomcat/9.0.64]
2024-07-17 23:01:13.016  INFO [demo-1,,,] 11336 --- [  restartedMain] o.a.c.c.C.[Tomcat].[localhost].[/]       : Initializing Spring embedded WebApplicationContext
2024-07-17 23:01:13.016  INFO [demo-1,,,] 11336 --- [  restartedMain] w.s.c.ServletWebServerApplicationContext : Root WebApplicationContext: initialization completed in 4933 ms
2024-07-17 23:01:14.351  WARN [demo-1,,,] 11336 --- [  restartedMain] ConfigServletWebServerApplicationContext : Exception encountered during context initialization - cancelling refresh attempt: org.springframework.beans.factory.UnsatisfiedDependencyException: Error creating bean with name 'firstcontroller': Unsatisfied dependency expressed through field 'restTemplate'; nested exception is org.springframework.beans.factory.NoSuchBeanDefinitionException: No qualifying bean of type 'org.springframework.web.client.RestTemplate' available: expected at least 1 bean which qualifies as autowire candidate. Dependency annotations: {@org.springframework.beans.factory.annotation.Autowired(required=true)}
2024-07-17 23:01:14.356  INFO [demo-1,,,] 11336 --- [  restartedMain] o.apache.catalina.core.StandardService   : Stopping service [Tomcat]
2024-07-17 23:01:14.412  INFO [demo-1,,,] 11336 --- [  restartedMain] ConditionEvaluationReportLoggingListener : 

Error starting ApplicationContext. To display the conditions report re-run your application with 'debug' enabled.
2024-07-17 23:01:14.509 ERROR [demo-1,,,] 11336 --- [  restartedMain] o.s.b.d.LoggingFailureAnalysisReporter   : 

***************************
APPLICATION FAILED TO START
***************************

Description:

Field restTemplate in com.example.app.controller.firstcontroller required a bean of type 'org.springframework.web.client.RestTemplate' that could not be found.

The injection point has the following annotations:
	- @org.springframework.beans.factory.annotation.Autowired(required=true)


Action:

Consider defining a bean of type 'org.springframework.web.client.RestTemplate' in your configuration.

2024-07-17 23:01:50.142  INFO [demo-1,,,] 4632 --- [  restartedMain] com.example.app.demoservice1             : Starting demoservice1 using Java 17 on DESKTOP-DQ3CT1D with PID 4632 (E:\PWC\jenkin_test\cloudservice1\target\classes started by Dell in E:\PWC\jenkin_test\cloudservice1)
2024-07-17 23:01:50.148  INFO [demo-1,,,] 4632 --- [  restartedMain] com.example.app.demoservice1             : No active profile set, falling back to 1 default profile: "default"
2024-07-17 23:01:50.242  INFO [demo-1,,,] 4632 --- [  restartedMain] .e.DevToolsPropertyDefaultsPostProcessor : Devtools property defaults active! Set 'spring.devtools.add-properties' to 'false' to disable
2024-07-17 23:01:50.242  INFO [demo-1,,,] 4632 --- [  restartedMain] .e.DevToolsPropertyDefaultsPostProcessor : For additional web related logging consider setting the 'logging.level.web' property to 'DEBUG'
2024-07-17 23:01:51.653  INFO [demo-1,,,] 4632 --- [  restartedMain] o.s.cloud.context.scope.GenericScope     : BeanFactory id=0c8be3b9-538f-3c34-ba50-849ec54a717f
2024-07-17 23:01:52.774  INFO [demo-1,,,] 4632 --- [  restartedMain] o.s.b.w.embedded.tomcat.TomcatWebServer  : Tomcat initialized with port(s): 8080 (http)
2024-07-17 23:01:52.788  INFO [demo-1,,,] 4632 --- [  restartedMain] o.a.coyote.http11.Http11NioProtocol      : Initializing ProtocolHandler ["http-nio-8080"]
2024-07-17 23:01:52.789  INFO [demo-1,,,] 4632 --- [  restartedMain] o.apache.catalina.core.StandardService   : Starting service [Tomcat]
2024-07-17 23:01:52.790  INFO [demo-1,,,] 4632 --- [  restartedMain] org.apache.catalina.core.StandardEngine  : Starting Servlet engine: [Apache Tomcat/9.0.64]
2024-07-17 23:01:52.898  INFO [demo-1,,,] 4632 --- [  restartedMain] o.a.c.c.C.[Tomcat].[localhost].[/]       : Initializing Spring embedded WebApplicationContext
2024-07-17 23:01:52.898  INFO [demo-1,,,] 4632 --- [  restartedMain] w.s.c.ServletWebServerApplicationContext : Root WebApplicationContext: initialization completed in 2654 ms
2024-07-17 23:01:54.815  WARN [demo-1,,,] 4632 --- [  restartedMain] o.s.b.d.a.OptionalLiveReloadServer       : Unable to start LiveReload server
2024-07-17 23:01:55.301  INFO [demo-1,,,] 4632 --- [  restartedMain] o.s.b.a.e.web.EndpointLinksResolver      : Exposing 1 endpoint(s) beneath base path '/actuator'
2024-07-17 23:01:55.340  INFO [demo-1,,,] 4632 --- [  restartedMain] o.a.coyote.http11.Http11NioProtocol      : Starting ProtocolHandler ["http-nio-8080"]
2024-07-17 23:01:55.346  WARN [demo-1,,,] 4632 --- [  restartedMain] ConfigServletWebServerApplicationContext : Exception encountered during context initialization - cancelling refresh attempt: org.springframework.context.ApplicationContextException: Failed to start bean 'webServerStartStop'; nested exception is org.springframework.boot.web.server.PortInUseException: Port 8080 is already in use
2024-07-17 23:01:55.355  INFO [demo-1,,,] 4632 --- [  restartedMain] o.a.coyote.http11.Http11NioProtocol      : Pausing ProtocolHandler ["http-nio-8080"]
2024-07-17 23:01:55.355  INFO [demo-1,,,] 4632 --- [  restartedMain] o.apache.catalina.core.StandardService   : Stopping service [Tomcat]
2024-07-17 23:01:55.362  INFO [demo-1,,,] 4632 --- [  restartedMain] o.a.coyote.http11.Http11NioProtocol      : Stopping ProtocolHandler ["http-nio-8080"]
2024-07-17 23:01:55.363  INFO [demo-1,,,] 4632 --- [  restartedMain] o.a.coyote.http11.Http11NioProtocol      : Destroying ProtocolHandler ["http-nio-8080"]
2024-07-17 23:01:55.379  INFO [demo-1,,,] 4632 --- [  restartedMain] ConditionEvaluationReportLoggingListener : 

Error starting ApplicationContext. To display the conditions report re-run your application with 'debug' enabled.
2024-07-17 23:01:55.409 ERROR [demo-1,,,] 4632 --- [  restartedMain] o.s.b.d.LoggingFailureAnalysisReporter   : 

***************************
APPLICATION FAILED TO START
***************************

Description:

Web server failed to start. Port 8080 was already in use.

Action:

Identify and stop the process that's listening on port 8080 or configure this application to listen on another port.

2024-07-17 23:02:25.394  INFO [demo-1,,,] 12420 --- [  restartedMain] com.example.app.demoservice1             : Starting demoservice1 using Java 17 on DESKTOP-DQ3CT1D with PID 12420 (E:\PWC\jenkin_test\cloudservice1\target\classes started by Dell in E:\PWC\jenkin_test\cloudservice1)
2024-07-17 23:02:25.398  INFO [demo-1,,,] 12420 --- [  restartedMain] com.example.app.demoservice1             : No active profile set, falling back to 1 default profile: "default"
2024-07-17 23:02:25.474  INFO [demo-1,,,] 12420 --- [  restartedMain] .e.DevToolsPropertyDefaultsPostProcessor : Devtools property defaults active! Set 'spring.devtools.add-properties' to 'false' to disable
2024-07-17 23:02:25.475  INFO [demo-1,,,] 12420 --- [  restartedMain] .e.DevToolsPropertyDefaultsPostProcessor : For additional web related logging consider setting the 'logging.level.web' property to 'DEBUG'
2024-07-17 23:02:26.840  INFO [demo-1,,,] 12420 --- [  restartedMain] o.s.cloud.context.scope.GenericScope     : BeanFactory id=0c8be3b9-538f-3c34-ba50-849ec54a717f
2024-07-17 23:02:28.042  INFO [demo-1,,,] 12420 --- [  restartedMain] o.s.b.w.embedded.tomcat.TomcatWebServer  : Tomcat initialized with port(s): 8080 (http)
2024-07-17 23:02:28.055  INFO [demo-1,,,] 12420 --- [  restartedMain] o.a.coyote.http11.Http11NioProtocol      : Initializing ProtocolHandler ["http-nio-8080"]
2024-07-17 23:02:28.056  INFO [demo-1,,,] 12420 --- [  restartedMain] o.apache.catalina.core.StandardService   : Starting service [Tomcat]
2024-07-17 23:02:28.057  INFO [demo-1,,,] 12420 --- [  restartedMain] org.apache.catalina.core.StandardEngine  : Starting Servlet engine: [Apache Tomcat/9.0.64]
2024-07-17 23:02:28.173  INFO [demo-1,,,] 12420 --- [  restartedMain] o.a.c.c.C.[Tomcat].[localhost].[/]       : Initializing Spring embedded WebApplicationContext
2024-07-17 23:02:28.173  INFO [demo-1,,,] 12420 --- [  restartedMain] w.s.c.ServletWebServerApplicationContext : Root WebApplicationContext: initialization completed in 2697 ms
2024-07-17 23:02:29.877  INFO [demo-1,,,] 12420 --- [  restartedMain] o.s.b.d.a.OptionalLiveReloadServer       : LiveReload server is running on port 35729
2024-07-17 23:02:30.248  INFO [demo-1,,,] 12420 --- [  restartedMain] o.s.b.a.e.web.EndpointLinksResolver      : Exposing 1 endpoint(s) beneath base path '/actuator'
2024-07-17 23:02:30.285  INFO [demo-1,,,] 12420 --- [  restartedMain] o.a.coyote.http11.Http11NioProtocol      : Starting ProtocolHandler ["http-nio-8080"]
2024-07-17 23:02:30.357  INFO [demo-1,,,] 12420 --- [  restartedMain] o.s.b.w.embedded.tomcat.TomcatWebServer  : Tomcat started on port(s): 8080 (http) with context path ''
2024-07-17 23:02:30.581  INFO [demo-1,,,] 12420 --- [  restartedMain] com.example.app.demoservice1             : Started demoservice1 in 5.902 seconds (JVM running for 6.735)
2024-07-17 23:03:10.696  INFO [demo-1,711b941acbde9feb,711b941acbde9feb,] 12420 --- [nio-8080-exec-1] o.a.c.c.C.[Tomcat].[localhost].[/]       : Initializing Spring DispatcherServlet 'dispatcherServlet'
2024-07-17 23:03:10.697  INFO [demo-1,711b941acbde9feb,711b941acbde9feb,] 12420 --- [nio-8080-exec-1] o.s.web.servlet.DispatcherServlet        : Initializing Servlet 'dispatcherServlet'
2024-07-17 23:03:10.698  INFO [demo-1,711b941acbde9feb,711b941acbde9feb,] 12420 --- [nio-8080-exec-1] o.s.web.servlet.DispatcherServlet        : Completed initialization in 1 ms
